[debug] [2025-03-04T13:29:53.135Z] ----------------------------------------------------------------------
[debug] [2025-03-04T13:29:53.138Z] Command:       C:\Program Files\nodejs\node.exe C:\Users\DELL\AppData\Roaming\npm\node_modules\firebase-tools\lib\bin\firebase.js init
[debug] [2025-03-04T13:29:53.139Z] CLI Version:   13.32.0
[debug] [2025-03-04T13:29:53.139Z] Platform:      win32
[debug] [2025-03-04T13:29:53.139Z] Node Version:  v23.5.0
[debug] [2025-03-04T13:29:53.139Z] Time:          Tue Mar 04 2025 15:29:53 GMT+0200 (توقيت شرق أوروبا الرسمي)
[debug] [2025-03-04T13:29:53.140Z] ----------------------------------------------------------------------
[debug] 
[debug] [2025-03-04T13:29:53.150Z] > command requires scopes: ["email","openid","https://www.googleapis.com/auth/cloudplatformprojects.readonly","https://www.googleapis.com/auth/firebase","https://www.googleapis.com/auth/cloud-platform"]
[debug] [2025-03-04T13:29:53.150Z] > authorizing via signed-in user (adham2002aswan@gmail.com)
[info] 
     ######## #### ########  ######## ########     ###     ######  ########
     ##        ##  ##     ## ##       ##     ##  ##   ##  ##       ##
     ######    ##  ########  ######   ########  #########  ######  ######
     ##        ##  ##    ##  ##       ##     ## ##     ##       ## ##
     ##       #### ##     ## ######## ########  ##     ##  ######  ########

You're about to initialize a Firebase project in this directory:

  C:\Users\DELL\OneDrive - Assuit University\Desktop\react native\day1\task_day_one

[info] 
=== Project Setup
[info] 
[info] First, let's associate this project directory with a Firebase project.
[info] You can create multiple project aliases by running firebase use --add, 
[info] but for now we'll just set up a default project.
[info] 
[debug] [2025-03-04T13:30:08.562Z] Checked if tokens are valid: false, expires at: 1741093894052
[debug] [2025-03-04T13:30:08.562Z] Checked if tokens are valid: false, expires at: 1741093894052
[debug] [2025-03-04T13:30:08.562Z] > refreshing access token with scopes: []
[debug] [2025-03-04T13:30:08.564Z] >>> [apiv2][query] POST https://www.googleapis.com/oauth2/v3/token [none]
[debug] [2025-03-04T13:30:08.564Z] >>> [apiv2][body] POST https://www.googleapis.com/oauth2/v3/token [omitted]
[debug] [2025-03-04T13:30:08.881Z] <<< [apiv2][status] POST https://www.googleapis.com/oauth2/v3/token 200
[debug] [2025-03-04T13:30:08.882Z] <<< [apiv2][body] POST https://www.googleapis.com/oauth2/v3/token [omitted]
[debug] [2025-03-04T13:30:08.890Z] >>> [apiv2][query] GET https://firebase.googleapis.com/v1beta1/projects pageSize=100
[debug] [2025-03-04T13:30:09.522Z] <<< [apiv2][status] GET https://firebase.googleapis.com/v1beta1/projects 200
[debug] [2025-03-04T13:30:09.522Z] <<< [apiv2][body] GET https://firebase.googleapis.com/v1beta1/projects [omitted]
[info] i  Using project react-native-ec524 (react native) 
[info] 
=== Firestore Setup
[debug] [2025-03-04T13:30:12.620Z] Checked if tokens are valid: true, expires at: 1741098607882
[debug] [2025-03-04T13:30:12.620Z] Checked if tokens are valid: true, expires at: 1741098607882
[debug] [2025-03-04T13:30:12.620Z] >>> [apiv2][query] GET https://serviceusage.googleapis.com/v1/projects/react-native-ec524/services/firestore.googleapis.com [none]
[debug] [2025-03-04T13:30:12.620Z] >>> [apiv2][(partial)header] GET https://serviceusage.googleapis.com/v1/projects/react-native-ec524/services/firestore.googleapis.com x-goog-quota-user=projects/react-native-ec524
[debug] [2025-03-04T13:30:13.614Z] <<< [apiv2][status] GET https://serviceusage.googleapis.com/v1/projects/react-native-ec524/services/firestore.googleapis.com 200
[debug] [2025-03-04T13:30:13.615Z] <<< [apiv2][body] GET https://serviceusage.googleapis.com/v1/projects/react-native-ec524/services/firestore.googleapis.com [omitted]
[debug] [2025-03-04T13:30:13.615Z] Checked if tokens are valid: true, expires at: 1741098607882
[debug] [2025-03-04T13:30:13.615Z] Checked if tokens are valid: true, expires at: 1741098607882
[debug] [2025-03-04T13:30:13.615Z] >>> [apiv2][query] GET https://firestore.googleapis.com/v1/projects/react-native-ec524/databases/(default) [none]
[debug] [2025-03-04T13:30:14.582Z] <<< [apiv2][status] GET https://firestore.googleapis.com/v1/projects/react-native-ec524/databases/(default) 200
[debug] [2025-03-04T13:30:14.582Z] <<< [apiv2][body] GET https://firestore.googleapis.com/v1/projects/react-native-ec524/databases/(default) {"name":"projects/react-native-ec524/databases/(default)","uid":"93f72fa6-a279-4fe2-bac7-66e4dc980442","createTime":"2025-03-04T12:25:01.914412Z","updateTime":"2025-03-04T12:25:01.914412Z","locationId":"nam5","type":"FIRESTORE_NATIVE","concurrencyMode":"PESSIMISTIC","versionRetentionPeriod":"3600s","earliestVersionTime":"2025-03-04T12:30:14.272165Z","appEngineIntegrationMode":"DISABLED","keyPrefix":"s","pointInTimeRecoveryEnablement":"POINT_IN_TIME_RECOVERY_DISABLED","deleteProtectionState":"DELETE_PROTECTION_DISABLED","databaseEdition":"STANDARD","etag":"IIGV4q7E8IsDMKzqmuW18IsD"}
[debug] [2025-03-04T13:30:14.582Z] database_type: FIRESTORE_NATIVE
[debug] [2025-03-04T13:30:14.582Z] database_type: FIRESTORE_NATIVE
[debug] [2025-03-04T13:30:14.582Z] > command requires scopes: ["email","openid","https://www.googleapis.com/auth/cloudplatformprojects.readonly","https://www.googleapis.com/auth/firebase","https://www.googleapis.com/auth/cloud-platform"]
[debug] [2025-03-04T13:30:14.583Z] > authorizing via signed-in user (adham2002aswan@gmail.com)
[debug] [2025-03-04T13:30:14.583Z] [iam] checking project react-native-ec524 for permissions ["firebase.projects.get"]
[debug] [2025-03-04T13:30:14.583Z] Checked if tokens are valid: true, expires at: 1741098607882
[debug] [2025-03-04T13:30:14.583Z] Checked if tokens are valid: true, expires at: 1741098607882
[debug] [2025-03-04T13:30:14.583Z] >>> [apiv2][query] POST https://cloudresourcemanager.googleapis.com/v1/projects/react-native-ec524:testIamPermissions [none]
[debug] [2025-03-04T13:30:14.583Z] >>> [apiv2][(partial)header] POST https://cloudresourcemanager.googleapis.com/v1/projects/react-native-ec524:testIamPermissions x-goog-quota-user=projects/react-native-ec524
[debug] [2025-03-04T13:30:14.583Z] >>> [apiv2][body] POST https://cloudresourcemanager.googleapis.com/v1/projects/react-native-ec524:testIamPermissions {"permissions":["firebase.projects.get"]}
[debug] [2025-03-04T13:30:15.492Z] <<< [apiv2][status] POST https://cloudresourcemanager.googleapis.com/v1/projects/react-native-ec524:testIamPermissions 200
[debug] [2025-03-04T13:30:15.493Z] <<< [apiv2][body] POST https://cloudresourcemanager.googleapis.com/v1/projects/react-native-ec524:testIamPermissions {"permissions":["firebase.projects.get"]}
[info] 
[info] Firestore Security Rules allow you to define how and when to allow
[info] requests. You can keep these rules in your project directory
[info] and publish them with firebase deploy.
[info] 
